#
# A fatal error has been detected by the Java Runtime Environment:
#
#  Internal Error (oopMapCache.cpp:111), pid=7455, tid=7479
#  Error: ShouldNotReachHere()
#
# JRE version: OpenJDK Runtime Environment (15.0.2+7) (build 15.0.2+7-Ubuntu-120.041)
# Java VM: OpenJDK 64-Bit Server VM (15.0.2+7-Ubuntu-120.041, mixed mode, sharing, tiered, compressed oops, g1 gc, linux-amd64)
# Problematic frame:
# V  [libjvm.so+0xb6c34b]
#
# Core dump will be written. Default location: Core dumps may be processed with "/lib/systemd/systemd-coredump %P %u %g %s %t 9223372036854775808 %h" (or dumping to /home/superf4brizio/Scrivania/MNKGame/core.7455)
#
# If you would like to submit a bug report, please visit:
#   Unknown
#

---------------  S U M M A R Y ------------

Command Line: -XX:+ShowCodeDetailsInExceptionMessages -agentlib:jdwp=transport=dt_socket,suspend=y,address=localhost:37965 -javaagent:/home/superf4brizio/eclipse/java-2021-03/eclipse/configuration/org.eclipse.osgi/216/0/.cp/lib/javaagent-shaded.jar -Dfile.encoding=UTF-8 subroutine.GroupPlayer

Host: Intel(R) Core(TM) i5-10210U CPU @ 1.60GHz, 4 cores, 4G, Linux Mint 20.1 Ulyssa
Time: Sat May  8 23:55:27 2021 CEST elapsed time: 423.345244 seconds (0d 0h 7m 3s)

---------------  T H R E A D  ---------------

Current thread (0x00007f25d019fd20):  JavaThread "JDWP Transport Listener: dt_socket" daemon [_thread_in_vm, id=7479, stack(0x00007f25978f9000,0x00007f25979fa000)] _threads_hazard_ptr=0x00007f2564002920

Stack: [0x00007f25978f9000,0x00007f25979fa000],  sp=0x00007f25979f8450,  free space=1021k
Native frames: (J=compiled Java code, A=aot compiled Java code, j=interpreted, Vv=VM code, C=native code)
V  [libjvm.so+0xb6c34b]
V  [libjvm.so+0xb6d06b]
V  [libjvm.so+0xb6d57b]
V  [libjvm.so+0xb0f4ce]
V  [libjvm.so+0xe4b5d6]
V  [libjvm.so+0x9a5728]
V  [libjvm.so+0x9a5854]
V  [libjvm.so+0xe624b6]
V  [libjvm.so+0x982435]
V  [libjvm.so+0x9350c1]
C  [libjdwp.so+0xa36d]
C  [libjdwp.so+0x13b59]
C  [libjdwp.so+0x26c57]
V  [libjvm.so+0x9a40eb]
V  [libjvm.so+0xde9cee]
V  [libjvm.so+0xdeec61]
V  [libjvm.so+0xb816af]

Register to memory mapping:

RAX=0x00007f25d817b000 points into unknown readable memory: 0x0000000000000058 | 58 00 00 00 00 00 00 00
RBX=0x00007f25d018bda0 points into unknown readable memory: 0x0000000000000002 | 02 00 00 00 00 00 00 00
RCX=0x0000000000000008 is an unknown value
RDX=0x0 is NULL
RSP=0x00007f25979f8450 is pointing into the stack for thread: 0x00007f25d019fd20
RBP=0x00007f25979f84a0 is pointing into the stack for thread: 0x00007f25d019fd20
RSI=0x000000000000006f is an unknown value
RDI=0x00007f25d7bb2820: <offset 0x0000000000f51820> in /usr/lib/jvm/java-15-openjdk-amd64/lib/server/libjvm.so at 0x00007f25d6c61000
R8 =0x0 is NULL
R9 =0x00007f25979f8440 is pointing into the stack for thread: 0x00007f25d019fd20
R10=0x0 is NULL
R11=0x0 is NULL
R12=0x00007f2588143b40 points into unknown readable memory: 0x0000000000000000 | 00 00 00 00 00 00 00 00
R13=0x00007f258814bb28 points into unknown readable memory: 0x000000000000ffe1 | e1 ff 00 00 00 00 00 00
R14=0x00007f25979f8510 is pointing into the stack for thread: 0x00007f25d019fd20
R15=0x00007f25d019fd20 is a thread


Registers:
RAX=0x00007f25d817b000, RBX=0x00007f25d018bda0, RCX=0x0000000000000008, RDX=0x0000000000000000
RSP=0x00007f25979f8450, RBP=0x00007f25979f84a0, RSI=0x000000000000006f, RDI=0x00007f25d7bb2820
R8 =0x0000000000000000, R9 =0x00007f25979f8440, R10=0x0000000000000000, R11=0x0000000000000000
R12=0x00007f2588143b40, R13=0x00007f258814bb28, R14=0x00007f25979f8510, R15=0x00007f25d019fd20
RIP=0x00007f25d77cd34b, EFLAGS=0x0000000000010246, CSGSFS=0x002b000000000033, ERR=0x0000000000000006
  TRAPNO=0x000000000000000e

Top of Stack: (sp=0x00007f25979f8450)
0x00007f25979f8450:   0000000000002f8e 00000000b74522e0
0x00007f25979f8460:   00000000000083b0 00007f2588144dc0
0x00007f25979f8470:   00007f257803b6e0 0000000000000000
0x00007f25979f8480:   00007f257803b6e0 00007f25979f8640 

Instructions: (pc=0x00007f25d77cd34b)
0x00007f25d77cd24b:   51 ff ff ff e9 71 ff ff ff 0f 1f 40 00 48 8b 73
0x00007f25d77cd25b:   18 48 85 f6 74 98 48 89 df e8 97 01 bc ff 4c 89
0x00007f25d77cd26b:   63 18 5b 41 5c 5d c3 66 2e 0f 1f 84 00 00 00 00
0x00007f25d77cd27b:   00 0f 1f 40 00 f3 0f 1e fa 31 c0 c3 90 0f 1f 84
0x00007f25d77cd28b:   00 00 00 00 00 f3 0f 1e fa c3 90 66 2e 0f 1f 84
0x00007f25d77cd29b:   00 00 00 00 00 f3 0f 1e fa c3 90 66 2e 0f 1f 84
0x00007f25d77cd2ab:   00 00 00 00 00 f3 0f 1e fa c3 90 66 2e 0f 1f 84
0x00007f25d77cd2bb:   00 00 00 00 00 55 48 89 e5 41 57 49 89 f7 41 56
0x00007f25d77cd2cb:   49 89 fe 41 55 41 54 53 48 83 ec 28 66 48 8d 3d
0x00007f25d77cd2db:   d1 ec 65 00 66 66 48 e8 19 22 6a ff 4c 89 fe 4c
0x00007f25d77cd2eb:   89 f7 48 8b 00 48 8b 98 90 02 00 00 48 8b 43 18
0x00007f25d77cd2fb:   4c 8b 63 10 4c 8b 6b 20 48 89 45 c8 48 8b 43 28
0x00007f25d77cd30b:   48 89 45 c0 e8 6c 5f ba ff 4d 8b 57 08 4d 85 d2
0x00007f25d77cd31b:   4c 89 55 b8 74 37 4c 89 ff e8 e7 42 ac ff 4c 8b
0x00007f25d77cd32b:   55 b8 4c 89 d7 e8 1b b9 ff ff 48 8d 05 0c 2a 66
0x00007f25d77cd33b:   00 be 6f 00 00 00 48 8d 3d d8 54 3e 00 48 8b 00
0x00007f25d77cd34b:   c6 00 58 e8 ed d9 a1 ff e8 08 e0 00 00 41 8b b6
0x00007f25d77cd35b:   b8 00 00 00 4c 89 f7 e8 69 55 ba ff 49 83 3c 24
0x00007f25d77cd36b:   00 74 14 48 8b 75 c0 48 89 df e8 f6 78 7f ff 4c
0x00007f25d77cd37b:   89 e7 e8 4e 6a 7f ff 66 49 0f 6e c4 4c 89 6b 20
0x00007f25d77cd38b:   0f 16 45 c8 0f 11 43 10 48 83 c4 28 5b 41 5c 41
0x00007f25d77cd39b:   5d 41 5e 41 5f 5d c3 66 66 2e 0f 1f 84 00 00 00
0x00007f25d77cd3ab:   00 00 0f 1f 00 f3 0f 1e fa 55 48 89 e5 41 55 41
0x00007f25d77cd3bb:   89 d5 41 54 49 89 cc 53 48 89 fb 48 83 ec 08 e8
0x00007f25d77cd3cb:   91 ed b9 ff 48 8d 05 8a 2e 5d 00 44 89 ab b8 00
0x00007f25d77cd3db:   00 00 4c 89 a3 b0 00 00 00 48 89 03 c7 83 bc 00
0x00007f25d77cd3eb:   00 00 ff ff ff ff 48 83 c4 08 5b 41 5c 41 5d 5d
0x00007f25d77cd3fb:   c3 0f 1f 40 00 f3 0f 1e fa 48 8b 47 08 48 8b 40
0x00007f25d77cd40b:   08 66 83 78 28 00 75 15 48 8b 87 b0 00 00 00 c7
0x00007f25d77cd41b:   40 0c 00 00 00 00 c3 66 0f 1f 44 00 00 e9 93 fe
0x00007f25d77cd42b:   ff ff 90 66 90 f3 0f 1e fa 48 8b 57 08 31 c0 f6
0x00007f25d77cd43b:   42 20 08 48 8b 52 08 0f 94 c0 0f b7 52 32 01 d0 


Stack slot to memory mapping:
stack at sp + 0 slots: 0x0000000000002f8e is an unknown value
stack at sp + 1 slots: 0x00000000b74522e0 is an oop: java.lang.LinkageError 
{0x00000000b74522e0} - klass: 'java/lang/LinkageError'
stack at sp + 2 slots: 0x00000000000083b0 is an unknown value
stack at sp + 3 slots: 0x00007f2588144dc0 points into unknown readable memory: 0x0000000500000000 | 00 00 00 00 05 00 00 00
stack at sp + 4 slots: 0x00007f257803b6e0 points into unknown readable memory: 0x00007f25b4dbd620 | 20 d6 db b4 25 7f 00 00
stack at sp + 5 slots: 0x0 is NULL
stack at sp + 6 slots: 0x00007f257803b6e0 points into unknown readable memory: 0x00007f25b4dbd620 | 20 d6 db b4 25 7f 00 00
stack at sp + 7 slots: 0x00007f25979f8640 is pointing into the stack for thread: 0x00007f25d019fd20


---------------  P R O C E S S  ---------------

Threads class SMR info:
_java_thread_list=0x00007f2564002920, length=13, elements={
0x00007f25d0018510, 0x00007f25d010f5b0, 0x00007f25d0110cf0, 0x00007f25d0116510,
0x00007f25d0117c20, 0x00007f25d0119840, 0x00007f25d011b070, 0x00007f25d011c770,
0x00007f25d0150f00, 0x00007f25d019fd20, 0x00007f25d01a3150, 0x00007f2578000f90,
0x00007f25d024b100
}

Java Threads: ( => current thread )
  0x00007f25d0018510 JavaThread "main" [_thread_blocked, id=7457, stack(0x00007f25d6815000,0x00007f25d6916000)]
  0x00007f25d010f5b0 JavaThread "Reference Handler" daemon [_thread_blocked, id=7467, stack(0x00007f25b46e4000,0x00007f25b47e5000)]
  0x00007f25d0110cf0 JavaThread "Finalizer" daemon [_thread_blocked, id=7469, stack(0x00007f25b45e3000,0x00007f25b46e4000)]
  0x00007f25d0116510 JavaThread "Signal Dispatcher" daemon [_thread_blocked, id=7470, stack(0x00007f2597eff000,0x00007f2598000000)]
  0x00007f25d0117c20 JavaThread "Service Thread" daemon [_thread_blocked, id=7471, stack(0x00007f2597dfe000,0x00007f2597eff000)]
  0x00007f25d0119840 JavaThread "C2 CompilerThread0" daemon [_thread_blocked, id=7472, stack(0x00007f2597cfd000,0x00007f2597dfe000)]
  0x00007f25d011b070 JavaThread "C1 CompilerThread0" daemon [_thread_blocked, id=7473, stack(0x00007f2597bfc000,0x00007f2597cfd000)]
  0x00007f25d011c770 JavaThread "Sweeper thread" daemon [_thread_blocked, id=7474, stack(0x00007f2597afb000,0x00007f2597bfc000)]
  0x00007f25d0150f00 JavaThread "Common-Cleaner" daemon [_thread_blocked, id=7476, stack(0x00007f25979fa000,0x00007f2597afb000)]
=>0x00007f25d019fd20 JavaThread "JDWP Transport Listener: dt_socket" daemon [_thread_in_vm, id=7479, stack(0x00007f25978f9000,0x00007f25979fa000)]
  0x00007f25d01a3150 JavaThread "JDWP Event Helper Thread" daemon [_thread_blocked, id=7482, stack(0x00007f25977f8000,0x00007f25978f9000)]
  0x00007f2578000f90 JavaThread "JDWP Command Reader" daemon [_thread_in_native, id=7483, stack(0x00007f25976f7000,0x00007f25977f8000)]
  0x00007f25d024b100 JavaThread "Notification Thread" daemon [_thread_blocked, id=7487, stack(0x00007f25974f5000,0x00007f25975f6000)]

Other Threads:
  0x00007f25d010c860 VMThread "VM Thread" [stack: 0x00007f25b47e7000,0x00007f25b48e7000] [id=7466]
  0x00007f25d001a550 WatcherThread [stack: 0x00007f25973f5000,0x00007f25974f5000] [id=7488]
  0x00007f25d004af00 GCTaskThread "GC Thread#0" [stack: 0x00007f25d45c2000,0x00007f25d46c2000] [id=7458]
  0x00007f25d0056360 ConcurrentGCThread "G1 Main Marker" [stack: 0x00007f25d44c0000,0x00007f25d45c0000] [id=7459]
  0x00007f25d00575f0 ConcurrentGCThread "G1 Conc#0" [stack: 0x00007f25d43be000,0x00007f25d44be000] [id=7460]
  0x00007f25d009e100 ConcurrentGCThread "G1 Refine#0" [stack: 0x00007f25b526c000,0x00007f25b536c000] [id=7461]
  0x00007f25d009f310 ConcurrentGCThread "G1 Young RemSet Sampling" [stack: 0x00007f25b516a000,0x00007f25b526a000] [id=7463]

Threads with active compile tasks:

VM state: not at safepoint (normal execution)

VM Mutex/Monitor currently owned by a thread: None

Heap address: 0x00000000b2800000, size: 1240 MB, Compressed Oops mode: 32-bit
CDS archive(s) mapped at: [0x0000000800000000-0x0000000800b39000-0x0000000800b39000), size 11767808, SharedBaseAddress: 0x0000000800000000, ArchiveRelocationMode: 0.
Compressed class space mapped at: 0x0000000800b3c000-0x0000000840b3c000, size: 1073741824
Narrow klass base: 0x0000000800000000, Narrow klass shift: 3, Narrow klass range: 0x100000000

GC Precious Log:
 CPUs: 4 total, 4 available
 Memory: 4955M
 Large Page Support: Disabled
 NUMA Support: Disabled
 Compressed Oops: Enabled (32-bit)
 Heap Region Size: 1M
 Heap Min Capacity: 8M
 Heap Initial Capacity: 78M
 Heap Max Capacity: 1240M
 Pre-touch: Disabled
 Parallel Workers: 4
 Concurrent Workers: 1
 Concurrent Refinement Workers: 4
 Periodic GC: Disabled

Heap:
 garbage-first heap   total 81920K, used 7992K [0x00000000b2800000, 0x0000000100000000)
  region size 1024K, 8 young (8192K), 0 survivors (0K)
 Metaspace       used 3022K, capacity 4917K, committed 5120K, reserved 1056768K
  class space    used 281K, capacity 443K, committed 512K, reserved 1048576K

Heap Regions: E=young(eden), S=young(survivor), O=old, HS=humongous(starts), HC=humongous(continues), CS=collection set, F=free, OA=open archive, CA=closed archive, TAMS=top-at-mark-start (previous, next)
|   0|0x00000000b2800000, 0x00000000b2800000, 0x00000000b2900000|  0%| F|  |TAMS 0x00000000b2800000, 0x00000000b2800000| Untracked 
|   1|0x00000000b2900000, 0x00000000b2900000, 0x00000000b2a00000|  0%| F|  |TAMS 0x00000000b2900000, 0x00000000b2900000| Untracked 
|   2|0x00000000b2a00000, 0x00000000b2a00000, 0x00000000b2b00000|  0%| F|  |TAMS 0x00000000b2a00000, 0x00000000b2a00000| Untracked 
|   3|0x00000000b2b00000, 0x00000000b2b00000, 0x00000000b2c00000|  0%| F|  |TAMS 0x00000000b2b00000, 0x00000000b2b00000| Untracked 
|   4|0x00000000b2c00000, 0x00000000b2c00000, 0x00000000b2d00000|  0%| F|  |TAMS 0x00000000b2c00000, 0x00000000b2c00000| Untracked 
|   5|0x00000000b2d00000, 0x00000000b2d00000, 0x00000000b2e00000|  0%| F|  |TAMS 0x00000000b2d00000, 0x00000000b2d00000| Untracked 
|   6|0x00000000b2e00000, 0x00000000b2e00000, 0x00000000b2f00000|  0%| F|  |TAMS 0x00000000b2e00000, 0x00000000b2e00000| Untracked 
|   7|0x00000000b2f00000, 0x00000000b2f00000, 0x00000000b3000000|  0%| F|  |TAMS 0x00000000b2f00000, 0x00000000b2f00000| Untracked 
|   8|0x00000000b3000000, 0x00000000b3000000, 0x00000000b3100000|  0%| F|  |TAMS 0x00000000b3000000, 0x00000000b3000000| Untracked 
|   9|0x00000000b3100000, 0x00000000b3100000, 0x00000000b3200000|  0%| F|  |TAMS 0x00000000b3100000, 0x00000000b3100000| Untracked 
|  10|0x00000000b3200000, 0x00000000b3200000, 0x00000000b3300000|  0%| F|  |TAMS 0x00000000b3200000, 0x00000000b3200000| Untracked 
|  11|0x00000000b3300000, 0x00000000b3300000, 0x00000000b3400000|  0%| F|  |TAMS 0x00000000b3300000, 0x00000000b3300000| Untracked 
|  12|0x00000000b3400000, 0x00000000b3400000, 0x00000000b3500000|  0%| F|  |TAMS 0x00000000b3400000, 0x00000000b3400000| Untracked 
|  13|0x00000000b3500000, 0x00000000b3500000, 0x00000000b3600000|  0%| F|  |TAMS 0x00000000b3500000, 0x00000000b3500000| Untracked 
|  14|0x00000000b3600000, 0x00000000b3600000, 0x00000000b3700000|  0%| F|  |TAMS 0x00000000b3600000, 0x00000000b3600000| Untracked 
|  15|0x00000000b3700000, 0x00000000b3700000, 0x00000000b3800000|  0%| F|  |TAMS 0x00000000b3700000, 0x00000000b3700000| Untracked 
|  16|0x00000000b3800000, 0x00000000b3800000, 0x00000000b3900000|  0%| F|  |TAMS 0x00000000b3800000, 0x00000000b3800000| Untracked 
|  17|0x00000000b3900000, 0x00000000b3900000, 0x00000000b3a00000|  0%| F|  |TAMS 0x00000000b3900000, 0x00000000b3900000| Untracked 
|  18|0x00000000b3a00000, 0x00000000b3a00000, 0x00000000b3b00000|  0%| F|  |TAMS 0x00000000b3a00000, 0x00000000b3a00000| Untracked 
|  19|0x00000000b3b00000, 0x00000000b3b00000, 0x00000000b3c00000|  0%| F|  |TAMS 0x00000000b3b00000, 0x00000000b3b00000| Untracked 
|  20|0x00000000b3c00000, 0x00000000b3c00000, 0x00000000b3d00000|  0%| F|  |TAMS 0x00000000b3c00000, 0x00000000b3c00000| Untracked 
|  21|0x00000000b3d00000, 0x00000000b3d00000, 0x00000000b3e00000|  0%| F|  |TAMS 0x00000000b3d00000, 0x00000000b3d00000| Untracked 
|  22|0x00000000b3e00000, 0x00000000b3e00000, 0x00000000b3f00000|  0%| F|  |TAMS 0x00000000b3e00000, 0x00000000b3e00000| Untracked 
|  23|0x00000000b3f00000, 0x00000000b3f00000, 0x00000000b4000000|  0%| F|  |TAMS 0x00000000b3f00000, 0x00000000b3f00000| Untracked 
|  24|0x00000000b4000000, 0x00000000b4000000, 0x00000000b4100000|  0%| F|  |TAMS 0x00000000b4000000, 0x00000000b4000000| Untracked 
|  25|0x00000000b4100000, 0x00000000b4100000, 0x00000000b4200000|  0%| F|  |TAMS 0x00000000b4100000, 0x00000000b4100000| Untracked 
|  26|0x00000000b4200000, 0x00000000b4200000, 0x00000000b4300000|  0%| F|  |TAMS 0x00000000b4200000, 0x00000000b4200000| Untracked 
|  27|0x00000000b4300000, 0x00000000b4300000, 0x00000000b4400000|  0%| F|  |TAMS 0x00000000b4300000, 0x00000000b4300000| Untracked 
|  28|0x00000000b4400000, 0x00000000b4400000, 0x00000000b4500000|  0%| F|  |TAMS 0x00000000b4400000, 0x00000000b4400000| Untracked 
|  29|0x00000000b4500000, 0x00000000b4500000, 0x00000000b4600000|  0%| F|  |TAMS 0x00000000b4500000, 0x00000000b4500000| Untracked 
|  30|0x00000000b4600000, 0x00000000b4600000, 0x00000000b4700000|  0%| F|  |TAMS 0x00000000b4600000, 0x00000000b4600000| Untracked 
|  31|0x00000000b4700000, 0x00000000b4700000, 0x00000000b4800000|  0%| F|  |TAMS 0x00000000b4700000, 0x00000000b4700000| Untracked 
|  32|0x00000000b4800000, 0x00000000b4800000, 0x00000000b4900000|  0%| F|  |TAMS 0x00000000b4800000, 0x00000000b4800000| Untracked 
|  33|0x00000000b4900000, 0x00000000b4900000, 0x00000000b4a00000|  0%| F|  |TAMS 0x00000000b4900000, 0x00000000b4900000| Untracked 
|  34|0x00000000b4a00000, 0x00000000b4a00000, 0x00000000b4b00000|  0%| F|  |TAMS 0x00000000b4a00000, 0x00000000b4a00000| Untracked 
|  35|0x00000000b4b00000, 0x00000000b4b00000, 0x00000000b4c00000|  0%| F|  |TAMS 0x00000000b4b00000, 0x00000000b4b00000| Untracked 
|  36|0x00000000b4c00000, 0x00000000b4c00000, 0x00000000b4d00000|  0%| F|  |TAMS 0x00000000b4c00000, 0x00000000b4c00000| Untracked 
|  37|0x00000000b4d00000, 0x00000000b4d00000, 0x00000000b4e00000|  0%| F|  |TAMS 0x00000000b4d00000, 0x00000000b4d00000| Untracked 
|  38|0x00000000b4e00000, 0x00000000b4e00000, 0x00000000b4f00000|  0%| F|  |TAMS 0x00000000b4e00000, 0x00000000b4e00000| Untracked 
|  39|0x00000000b4f00000, 0x00000000b4f00000, 0x00000000b5000000|  0%| F|  |TAMS 0x00000000b4f00000, 0x00000000b4f00000| Untracked 
|  40|0x00000000b5000000, 0x00000000b5000000, 0x00000000b5100000|  0%| F|  |TAMS 0x00000000b5000000, 0x00000000b5000000| Untracked 
|  41|0x00000000b5100000, 0x00000000b5100000, 0x00000000b5200000|  0%| F|  |TAMS 0x00000000b5100000, 0x00000000b5100000| Untracked 
|  42|0x00000000b5200000, 0x00000000b5200000, 0x00000000b5300000|  0%| F|  |TAMS 0x00000000b5200000, 0x00000000b5200000| Untracked 
|  43|0x00000000b5300000, 0x00000000b5300000, 0x00000000b5400000|  0%| F|  |TAMS 0x00000000b5300000, 0x00000000b5300000| Untracked 
|  44|0x00000000b5400000, 0x00000000b5400000, 0x00000000b5500000|  0%| F|  |TAMS 0x00000000b5400000, 0x00000000b5400000| Untracked 
|  45|0x00000000b5500000, 0x00000000b5500000, 0x00000000b5600000|  0%| F|  |TAMS 0x00000000b5500000, 0x00000000b5500000| Untracked 
|  46|0x00000000b5600000, 0x00000000b5600000, 0x00000000b5700000|  0%| F|  |TAMS 0x00000000b5600000, 0x00000000b5600000| Untracked 
|  47|0x00000000b5700000, 0x00000000b5700000, 0x00000000b5800000|  0%| F|  |TAMS 0x00000000b5700000, 0x00000000b5700000| Untracked 
|  48|0x00000000b5800000, 0x00000000b5800000, 0x00000000b5900000|  0%| F|  |TAMS 0x00000000b5800000, 0x00000000b5800000| Untracked 
|  49|0x00000000b5900000, 0x00000000b5900000, 0x00000000b5a00000|  0%| F|  |TAMS 0x00000000b5900000, 0x00000000b5900000| Untracked 
|  50|0x00000000b5a00000, 0x00000000b5a00000, 0x00000000b5b00000|  0%| F|  |TAMS 0x00000000b5a00000, 0x00000000b5a00000| Untracked 
|  51|0x00000000b5b00000, 0x00000000b5b00000, 0x00000000b5c00000|  0%| F|  |TAMS 0x00000000b5b00000, 0x00000000b5b00000| Untracked 
|  52|0x00000000b5c00000, 0x00000000b5c00000, 0x00000000b5d00000|  0%| F|  |TAMS 0x00000000b5c00000, 0x00000000b5c00000| Untracked 
|  53|0x00000000b5d00000, 0x00000000b5d00000, 0x00000000b5e00000|  0%| F|  |TAMS 0x00000000b5d00000, 0x00000000b5d00000| Untracked 
|  54|0x00000000b5e00000, 0x00000000b5e00000, 0x00000000b5f00000|  0%| F|  |TAMS 0x00000000b5e00000, 0x00000000b5e00000| Untracked 
|  55|0x00000000b5f00000, 0x00000000b5f00000, 0x00000000b6000000|  0%| F|  |TAMS 0x00000000b5f00000, 0x00000000b5f00000| Untracked 
|  56|0x00000000b6000000, 0x00000000b6000000, 0x00000000b6100000|  0%| F|  |TAMS 0x00000000b6000000, 0x00000000b6000000| Untracked 
|  57|0x00000000b6100000, 0x00000000b6100000, 0x00000000b6200000|  0%| F|  |TAMS 0x00000000b6100000, 0x00000000b6100000| Untracked 
|  58|0x00000000b6200000, 0x00000000b6200000, 0x00000000b6300000|  0%| F|  |TAMS 0x00000000b6200000, 0x00000000b6200000| Untracked 
|  59|0x00000000b6300000, 0x00000000b6300000, 0x00000000b6400000|  0%| F|  |TAMS 0x00000000b6300000, 0x00000000b6300000| Untracked 
|  60|0x00000000b6400000, 0x00000000b6400000, 0x00000000b6500000|  0%| F|  |TAMS 0x00000000b6400000, 0x00000000b6400000| Untracked 
|  61|0x00000000b6500000, 0x00000000b6500000, 0x00000000b6600000|  0%| F|  |TAMS 0x00000000b6500000, 0x00000000b6500000| Untracked 
|  62|0x00000000b6600000, 0x00000000b6600000, 0x00000000b6700000|  0%| F|  |TAMS 0x00000000b6600000, 0x00000000b6600000| Untracked 
|  63|0x00000000b6700000, 0x00000000b6700000, 0x00000000b6800000|  0%| F|  |TAMS 0x00000000b6700000, 0x00000000b6700000| Untracked 
|  64|0x00000000b6800000, 0x00000000b6800000, 0x00000000b6900000|  0%| F|  |TAMS 0x00000000b6800000, 0x00000000b6800000| Untracked 
|  65|0x00000000b6900000, 0x00000000b6900000, 0x00000000b6a00000|  0%| F|  |TAMS 0x00000000b6900000, 0x00000000b6900000| Untracked 
|  66|0x00000000b6a00000, 0x00000000b6a00000, 0x00000000b6b00000|  0%| F|  |TAMS 0x00000000b6a00000, 0x00000000b6a00000| Untracked 
|  67|0x00000000b6b00000, 0x00000000b6b00000, 0x00000000b6c00000|  0%| F|  |TAMS 0x00000000b6b00000, 0x00000000b6b00000| Untracked 
|  68|0x00000000b6c00000, 0x00000000b6c00000, 0x00000000b6d00000|  0%| F|  |TAMS 0x00000000b6c00000, 0x00000000b6c00000| Untracked 
|  69|0x00000000b6d00000, 0x00000000b6d00000, 0x00000000b6e00000|  0%| F|  |TAMS 0x00000000b6d00000, 0x00000000b6d00000| Untracked 
|  70|0x00000000b6e00000, 0x00000000b6ec8340, 0x00000000b6f00000| 78%| E|  |TAMS 0x00000000b6e00000, 0x00000000b6e00000| Complete 
|  71|0x00000000b6f00000, 0x00000000b7000000, 0x00000000b7000000|100%| E|CS|TAMS 0x00000000b6f00000, 0x00000000b6f00000| Complete 
|  72|0x00000000b7000000, 0x00000000b7100000, 0x00000000b7100000|100%| E|CS|TAMS 0x00000000b7000000, 0x00000000b7000000| Complete 
|  73|0x00000000b7100000, 0x00000000b7200000, 0x00000000b7200000|100%| E|CS|TAMS 0x00000000b7100000, 0x00000000b7100000| Complete 
|  74|0x00000000b7200000, 0x00000000b7300000, 0x00000000b7300000|100%| E|CS|TAMS 0x00000000b7200000, 0x00000000b7200000| Complete 
|  75|0x00000000b7300000, 0x00000000b7400000, 0x00000000b7400000|100%| E|CS|TAMS 0x00000000b7300000, 0x00000000b7300000| Complete 
|  76|0x00000000b7400000, 0x00000000b7500000, 0x00000000b7500000|100%| E|CS|TAMS 0x00000000b7400000, 0x00000000b7400000| Complete 
|  77|0x00000000b7500000, 0x00000000b7600000, 0x00000000b7600000|100%| E|CS|TAMS 0x00000000b7500000, 0x00000000b7500000| Complete 
|1238|0x00000000ffe00000, 0x00000000ffe52000, 0x00000000fff00000| 32%|OA|  |TAMS 0x00000000ffe00000, 0x00000000ffe00000| Untracked 
|1239|0x00000000fff00000, 0x00000000fff7c000, 0x0000000100000000| 48%|CA|  |TAMS 0x00000000fff00000, 0x00000000fff00000| Untracked 

Card table byte_map: [0x00007f25d5cb8000,0x00007f25d5f24000] _byte_map_base: 0x00007f25d5724000

Marking Bits (Prev, Next): (CMBitMap*) 0x00007f25d004bca0, (CMBitMap*) 0x00007f25d004bce0
 Prev Bits: [0x00007f25d46ec000, 0x00007f25d5a4c000)
 Next Bits: [0x00007f25b746d000, 0x00007f25b87cd000)

Polling page: 0x00007f25d812f000

Metaspace:

Usage:
  Non-class:      4,37 MB capacity,     2,68 MB ( 61%) used,     1,69 MB ( 39%) free+waste,     3,25 KB ( <1%) overhead. 
      Class:    443,00 KB capacity,   281,48 KB ( 64%) used,   159,96 KB ( 36%) free+waste,     1,56 KB ( <1%) overhead. 
       Both:      4,80 MB capacity,     2,95 MB ( 61%) used,     1,85 MB ( 38%) free+waste,     4,81 KB ( <1%) overhead. 

Virtual space:
  Non-class space:        8,00 MB reserved,       4,50 MB ( 56%) committed 
      Class space:        1,00 GB reserved,     512,00 KB ( <1%) committed 
             Both:        1,01 GB reserved,       5,00 MB ( <1%) committed 

Chunk freelists:
   Non-Class:  0 bytes
       Class:  0 bytes
        Both:  0 bytes

MaxMetaspaceSize: 17179869184,00 GB
CompressedClassSpaceSize: 1,00 GB

CodeHeap 'non-profiled nmethods': size=120032Kb used=179Kb max_used=179Kb free=119852Kb
 bounds [0x00007f25c0295000, 0x00007f25c0505000, 0x00007f25c77cd000]
CodeHeap 'profiled nmethods': size=120028Kb used=656Kb max_used=656Kb free=119371Kb
 bounds [0x00007f25b8d5e000, 0x00007f25b8fce000, 0x00007f25c0295000]
CodeHeap 'non-nmethods': size=5700Kb used=1203Kb max_used=1218Kb free=4496Kb
 bounds [0x00007f25b87cd000, 0x00007f25b8a3d000, 0x00007f25b8d5e000]
 total_blobs=899 nmethods=514 adapters=299
 compilation: enabled
              stopped_count=0, restarted_count=0
 full_count=0

Compilation events (20 events):
Event: 0,631 Thread 0x00007f25d011b070  500       3       java.lang.invoke.MemberName::flagsMods (73 bytes)
Event: 0,631 Thread 0x00007f25d011b070 nmethod 500 0x00007f25b8e00790 code [0x00007f25b8e00920, 0x00007f25b8e00a30]
Event: 0,631 Thread 0x00007f25d011b070  501       3       java.lang.invoke.MemberName::init (67 bytes)
Event: 0,631 Thread 0x00007f25d011b070 nmethod 501 0x00007f25b8e00a90 code [0x00007f25b8e00c20, 0x00007f25b8e00e50]
Event: 0,631 Thread 0x00007f25d011b070  508       1       java.net.URL::getRef (5 bytes)
Event: 0,631 Thread 0x00007f25d011b070 nmethod 508 0x00007f25c02c0f10 code [0x00007f25c02c10a0, 0x00007f25c02c1150]
Event: 0,631 Thread 0x00007f25d011b070  509       1       java.net.URL::getPath (5 bytes)
Event: 0,631 Thread 0x00007f25d011b070 nmethod 509 0x00007f25c02c1210 code [0x00007f25c02c13a0, 0x00007f25c02c1450]
Event: 0,631 Thread 0x00007f25d011b070  510       1       java.net.URL::getAuthority (5 bytes)
Event: 0,631 Thread 0x00007f25d011b070 nmethod 510 0x00007f25c02c1510 code [0x00007f25c02c16a0, 0x00007f25c02c1750]
Event: 0,631 Thread 0x00007f25d011b070  512       3       org.eclipse.jdt.launching.internal.org.objectweb.asm.ClassReader::readStringish (16 bytes)
Event: 0,632 Thread 0x00007f25d011b070 nmethod 512 0x00007f25b8e00f10 code [0x00007f25b8e010e0, 0x00007f25b8e013e0]
Event: 0,632 Thread 0x00007f25d011b070  513       1       org.eclipse.jdt.launching.internal.org.objectweb.asm.SymbolTable::getSource (5 bytes)
Event: 0,632 Thread 0x00007f25d011b070 nmethod 513 0x00007f25c02c1810 code [0x00007f25c02c19a0, 0x00007f25c02c1a50]
Event: 0,632 Thread 0x00007f25d011b070  511       1       java.net.URL::getQuery (5 bytes)
Event: 0,632 Thread 0x00007f25d011b070 nmethod 511 0x00007f25c02c1b10 code [0x00007f25c02c1ca0, 0x00007f25c02c1d50]
Event: 145,684 Thread 0x00007f25d011b070  514       3       org.eclipse.jdt.launching.internal.org.objectweb.asm.SymbolTable$Entry::<init> (20 bytes)
Event: 145,684 Thread 0x00007f25d011b070 nmethod 514 0x00007f25b8e01590 code [0x00007f25b8e01720, 0x00007f25b8e018a0]
Event: 145,684 Thread 0x00007f25d011b070  515       3       org.eclipse.jdt.launching.internal.org.objectweb.asm.SymbolTable::addConstantMemberReference (29 bytes)
Event: 145,684 Thread 0x00007f25d011b070 nmethod 515 0x00007f25b8e01990 code [0x00007f25b8e01b80, 0x00007f25b8e01f20]

GC Heap History (0 events):
No events

Deoptimization events (20 events):
Event: 0,342 Thread 0x00007f25d0018510 DEOPT PACKING pc=0x00007f25c02a141c sp=0x00007f25d6913930
Event: 0,342 Thread 0x00007f25d0018510 DEOPT UNPACKING pc=0x00007f25b881b125 sp=0x00007f25d69138f0 mode 2
Event: 0,535 Thread 0x00007f25d0018510 DEOPT PACKING pc=0x00007f25b8dc42aa sp=0x00007f25d6911740
Event: 0,535 Thread 0x00007f25d0018510 DEOPT UNPACKING pc=0x00007f25b881af2b sp=0x00007f25d6910c28 mode 0
Event: 0,535 Thread 0x00007f25d0018510 DEOPT PACKING pc=0x00007f25b8dc42aa sp=0x00007f25d6911740
Event: 0,535 Thread 0x00007f25d0018510 DEOPT UNPACKING pc=0x00007f25b881af2b sp=0x00007f25d6910c28 mode 0
Event: 0,535 Thread 0x00007f25d0018510 DEOPT PACKING pc=0x00007f25b8dc42aa sp=0x00007f25d6911740
Event: 0,535 Thread 0x00007f25d0018510 DEOPT UNPACKING pc=0x00007f25b881af2b sp=0x00007f25d6910c28 mode 0
Event: 0,539 Thread 0x00007f25d0018510 Uncommon trap: trap_request=0xffffff45 fr.pc=0x00007f25c029b8e0 relative=0x0000000000000260
Event: 0,539 Thread 0x00007f25d0018510 Uncommon trap: reason=unstable_if action=reinterpret pc=0x00007f25c029b8e0 method=java.lang.String.hashCode()I @ 42 c2
Event: 0,539 Thread 0x00007f25d0018510 DEOPT PACKING pc=0x00007f25c029b8e0 sp=0x00007f25d6912460
Event: 0,539 Thread 0x00007f25d0018510 DEOPT UNPACKING pc=0x00007f25b881b125 sp=0x00007f25d6912418 mode 2
Event: 0,543 Thread 0x00007f25d0018510 DEOPT PACKING pc=0x00007f25b8dc42aa sp=0x00007f25d6910150
Event: 0,543 Thread 0x00007f25d0018510 DEOPT UNPACKING pc=0x00007f25b881af2b sp=0x00007f25d690f638 mode 0
Event: 0,543 Thread 0x00007f25d0018510 DEOPT PACKING pc=0x00007f25b8dc42aa sp=0x00007f25d6910150
Event: 0,543 Thread 0x00007f25d0018510 DEOPT UNPACKING pc=0x00007f25b881af2b sp=0x00007f25d690f638 mode 0
Event: 0,543 Thread 0x00007f25d0018510 DEOPT PACKING pc=0x00007f25b8dc42aa sp=0x00007f25d6910150
Event: 0,543 Thread 0x00007f25d0018510 DEOPT UNPACKING pc=0x00007f25b881af2b sp=0x00007f25d690f638 mode 0
Event: 0,550 Thread 0x00007f25d0018510 DEOPT PACKING pc=0x00007f25b8dc44df sp=0x00007f25d69111b0
Event: 0,550 Thread 0x00007f25d0018510 DEOPT UNPACKING pc=0x00007f25b881af2b sp=0x00007f25d6910698 mode 0

Classes unloaded (0 events):
No events

Classes redefined (2 events):
Event: 145,682 Thread 0x00007f25d010c860 redefined class name=subroutine.Algoritms, count=1
Event: 423,178 Thread 0x00007f25d010c860 redefined class name=subroutine.Algoritms, count=2

Internal exceptions (4 events):
Event: 0,336 Thread 0x00007f25d0018510 Exception <a 'java/lang/NoSuchMethodError'{0x00000000b74cb518}: 'void java.lang.invoke.DirectMethodHandle$Holder.invokeStatic(java.lang.Object, java.lang.Object)'> (0x00000000b74cb518) 
thrown [src/hotspot/share/interpreter/linkResolver.cpp, line 781]
Event: 0,337 Thread 0x00007f25d0018510 Exception <a 'java/lang/NoSuchMethodError'{0x00000000b74cf098}: 'void java.lang.invoke.DirectMethodHandle$Holder.invokeStaticInit(java.lang.Object, java.lang.Object)'> (0x00000000b74cf098) 
thrown [src/hotspot/share/interpreter/linkResolver.cpp, line 781]
Event: 0,501 Thread 0x00007f25d0018510 Exception <a 'java/lang/NoSuchMethodError'{0x00000000b7262b50}: 'java.lang.Object java.lang.invoke.DirectMethodHandle$Holder.invokeStatic(java.lang.Object)'> (0x00000000b7262b50) 
thrown [src/hotspot/share/interpreter/linkResolver.cpp, line 781]
Event: 423,345 Thread 0x00007f25d019fd20 Exception <a 'java/lang/LinkageError'{0x00000000b74522e0}> (0x00000000b74522e0) 
thrown [src/hotspot/share/oops/generateOopMap.cpp, line 2137]

Events (20 events):
Event: 423,218 Executing VM operation: ChangeSingleStep done
Event: 423,218 Executing VM operation: GetFrameLocation
Event: 423,218 Executing VM operation: GetFrameLocation done
Event: 423,219 Executing VM operation: get/set locals
Event: 423,219 Executing VM operation: get/set locals done
Event: 423,220 Executing VM operation: ChangeSingleStep
Event: 423,220 Executing VM operation: ChangeSingleStep done
Event: 423,222 Executing VM operation: GetFrameCount
Event: 423,222 Executing VM operation: GetFrameCount done
Event: 423,228 Executing VM operation: GetFrameCount
Event: 423,228 Executing VM operation: GetFrameCount done
Event: 423,228 Executing VM operation: GetStackTrace
Event: 423,228 Executing VM operation: GetStackTrace done
Event: 423,229 Executing VM operation: GetFrameCount
Event: 423,229 Executing VM operation: GetFrameCount done
Event: 423,230 Executing VM operation: GetFrameCount
Event: 423,230 Executing VM operation: GetFrameCount done
Event: 423,344 Executing VM operation: GetFrameLocation
Event: 423,345 Executing VM operation: GetFrameLocation done
Event: 423,345 Protecting memory [0x00007f25d817b000,0x00007f25d817c000] with protection modes 7


Dynamic libraries:
b2800000-b7600000 rw-p 00000000 00:00 0 
b7600000-ffe00000 ---p 00000000 00:00 0 
ffe00000-ffe52000 rw-p 00bea000 08:05 415328                             /usr/lib/jvm/java-15-openjdk-amd64/lib/server/classes.jsa
ffe52000-fff00000 rw-p 00000000 00:00 0 
fff00000-fff7c000 rw-p 00b6e000 08:05 415328                             /usr/lib/jvm/java-15-openjdk-amd64/lib/server/classes.jsa
fff7c000-100000000 rw-p 00000000 00:00 0 
800000000-800003000 rwxp 00001000 08:05 415328                           /usr/lib/jvm/java-15-openjdk-amd64/lib/server/classes.jsa
800003000-800b39000 rw-p 00004000 08:05 415328                           /usr/lib/jvm/java-15-openjdk-amd64/lib/server/classes.jsa
800b39000-800b3c000 ---p 00000000 00:00 0 
800b3c000-800bbc000 rw-p 00000000 00:00 0 
800bbc000-840b3c000 ---p 00000000 00:00 0 
55ccfa46a000-55ccfa46b000 r--p 00000000 08:05 415172                     /usr/lib/jvm/java-15-openjdk-amd64/bin/java
55ccfa46b000-55ccfa46c000 r-xp 00001000 08:05 415172                     /usr/lib/jvm/java-15-openjdk-amd64/bin/java
55ccfa46c000-55ccfa46d000 r--p 00002000 08:05 415172                     /usr/lib/jvm/java-15-openjdk-amd64/bin/java
55ccfa46d000-55ccfa46e000 r--p 00002000 08:05 415172                     /usr/lib/jvm/java-15-openjdk-amd64/bin/java
55ccfa46e000-55ccfa46f000 rw-p 00003000 08:05 415172                     /usr/lib/jvm/java-15-openjdk-amd64/bin/java
55ccfa962000-55ccfa983000 rw-p 00000000 00:00 0                          [heap]
7f255c000000-7f255c021000 rw-p 00000000 00:00 0 
7f255c021000-7f2560000000 ---p 00000000 00:00 0 
7f2564000000-7f25640c4000 rw-p 00000000 00:00 0 
7f25640c4000-7f2568000000 ---p 00000000 00:00 0 
7f2568000000-7f2568021000 rw-p 00000000 00:00 0 
7f2568021000-7f256c000000 ---p 00000000 00:00 0 
7f256c000000-7f256c021000 rw-p 00000000 00:00 0 
7f256c021000-7f2570000000 ---p 00000000 00:00 0 
7f2570000000-7f2570021000 rw-p 00000000 00:00 0 
7f2570021000-7f2574000000 ---p 00000000 00:00 0 
7f2574000000-7f2574021000 rw-p 00000000 00:00 0 
7f2574021000-7f2578000000 ---p 00000000 00:00 0 
7f2578000000-7f2578044000 rw-p 00000000 00:00 0 
7f2578044000-7f257c000000 ---p 00000000 00:00 0 
7f257c000000-7f257c070000 rw-p 00000000 00:00 0 
7f257c070000-7f2580000000 ---p 00000000 00:00 0 
7f2580000000-7f2580021000 rw-p 00000000 00:00 0 
7f2580021000-7f2584000000 ---p 00000000 00:00 0 
7f2584000000-7f2584021000 rw-p 00000000 00:00 0 
7f2584021000-7f2588000000 ---p 00000000 00:00 0 
7f2588000000-7f25882d0000 rw-p 00000000 00:00 0 
7f25882d0000-7f258c000000 ---p 00000000 00:00 0 
7f258c000000-7f258c021000 rw-p 00000000 00:00 0 
7f258c021000-7f2590000000 ---p 00000000 00:00 0 
7f2590000000-7f2590021000 rw-p 00000000 00:00 0 
7f2590021000-7f2594000000 ---p 00000000 00:00 0 
7f25973f3000-7f25973f4000 ---p 00000000 00:00 0 
7f25973f4000-7f25974f5000 rw-p 00000000 00:00 0 
7f25974f5000-7f25974f9000 ---p 00000000 00:00 0 
7f25974f9000-7f25975f6000 rw-p 00000000 00:00 0 
7f25975f6000-7f25975fa000 ---p 00000000 00:00 0 
7f25975fa000-7f25976f7000 rw-p 00000000 00:00 0 
7f25976f7000-7f25976fb000 ---p 00000000 00:00 0 
7f25976fb000-7f25977f8000 rw-p 00000000 00:00 0 
7f25977f8000-7f25977fc000 ---p 00000000 00:00 0 
7f25977fc000-7f25978f9000 rw-p 00000000 00:00 0 
7f25978f9000-7f25978fd000 ---p 00000000 00:00 0 
7f25978fd000-7f25979fa000 rw-p 00000000 00:00 0 
7f25979fa000-7f25979fe000 ---p 00000000 00:00 0 
7f25979fe000-7f2597afb000 rw-p 00000000 00:00 0 
7f2597afb000-7f2597aff000 ---p 00000000 00:00 0 
7f2597aff000-7f2597bfc000 rw-p 00000000 00:00 0 
7f2597bfc000-7f2597c00000 ---p 00000000 00:00 0 
7f2597c00000-7f2597cfd000 rw-p 00000000 00:00 0 
7f2597cfd000-7f2597d01000 ---p 00000000 00:00 0 
7f2597d01000-7f2597dfe000 rw-p 00000000 00:00 0 
7f2597dfe000-7f2597e02000 ---p 00000000 00:00 0 
7f2597e02000-7f2597eff000 rw-p 00000000 00:00 0 
7f2597eff000-7f2597f03000 ---p 00000000 00:00 0 
7f2597f03000-7f2598000000 rw-p 00000000 00:00 0 
7f2598000000-7f2598021000 rw-p 00000000 00:00 0 
7f2598021000-7f259c000000 ---p 00000000 00:00 0 
7f259c000000-7f259c021000 rw-p 00000000 00:00 0 
7f259c021000-7f25a0000000 ---p 00000000 00:00 0 
7f25a0000000-7f25a0021000 rw-p 00000000 00:00 0 
7f25a0021000-7f25a4000000 ---p 00000000 00:00 0 
7f25a4000000-7f25a4021000 rw-p 00000000 00:00 0 
7f25a4021000-7f25a8000000 ---p 00000000 00:00 0 
7f25a8000000-7f25a8021000 rw-p 00000000 00:00 0 
7f25a8021000-7f25ac000000 ---p 00000000 00:00 0 
7f25ac000000-7f25ac021000 rw-p 00000000 00:00 0 
7f25ac021000-7f25b0000000 ---p 00000000 00:00 0 
7f25b0000000-7f25b0021000 rw-p 00000000 00:00 0 
7f25b0021000-7f25b4000000 ---p 00000000 00:00 0 
7f25b4043000-7f25b4047000 r--p 00000000 08:05 415316                     /usr/lib/jvm/java-15-openjdk-amd64/lib/libnet.so
7f25b4047000-7f25b4055000 r-xp 00004000 08:05 415316                     /usr/lib/jvm/java-15-openjdk-amd64/lib/libnet.so
7f25b4055000-7f25b4059000 r--p 00012000 08:05 415316                     /usr/lib/jvm/java-15-openjdk-amd64/lib/libnet.so
7f25b4059000-7f25b405a000 r--p 00015000 08:05 415316                     /usr/lib/jvm/java-15-openjdk-amd64/lib/libnet.so
7f25b405a000-7f25b405b000 rw-p 00016000 08:05 415316                     /usr/lib/jvm/java-15-openjdk-amd64/lib/libnet.so
7f25b405b000-7f25b4062000 r--p 00000000 08:05 415317                     /usr/lib/jvm/java-15-openjdk-amd64/lib/libnio.so
7f25b4062000-7f25b406a000 r-xp 00007000 08:05 415317                     /usr/lib/jvm/java-15-openjdk-amd64/lib/libnio.so
7f25b406a000-7f25b406e000 r--p 0000f000 08:05 415317                     /usr/lib/jvm/java-15-openjdk-amd64/lib/libnio.so
7f25b406e000-7f25b406f000 ---p 00013000 08:05 415317                     /usr/lib/jvm/java-15-openjdk-amd64/lib/libnio.so
7f25b406f000-7f25b4070000 r--p 00013000 08:05 415317                     /usr/lib/jvm/java-15-openjdk-amd64/lib/libnio.so
7f25b4070000-7f25b4071000 rw-p 00014000 08:05 415317                     /usr/lib/jvm/java-15-openjdk-amd64/lib/libnio.so
7f25b4071000-7f25b45e3000 r--p 00000000 08:05 405376                     /usr/lib/locale/locale-archive
7f25b45e3000-7f25b45e7000 ---p 00000000 00:00 0 
7f25b45e7000-7f25b46e4000 rw-p 00000000 00:00 0 
7f25b46e4000-7f25b46e8000 ---p 00000000 00:00 0 
7f25b46e8000-7f25b47e5000 rw-p 00000000 00:00 0 
7f25b47e5000-7f25b47e6000 ---p 00000000 00:00 0 
7f25b47e6000-7f25b4de8000 rw-p 00000000 00:00 0 
7f25b4de8000-7f25b5168000 ---p 00000000 00:00 0 
7f25b5168000-7f25b5169000 ---p 00000000 00:00 0 
7f25b5169000-7f25b526a000 rw-p 00000000 00:00 0 
7f25b526a000-7f25b526b000 ---p 00000000 00:00 0 
7f25b526b000-7f25b75a5000 rw-p 00000000 00:00 0 
7f25b75a5000-7f25b87c5000 ---p 00000000 00:00 0 
7f25b87c5000-7f25b87cd000 rw-p 00000000 00:00 0 
7f25b87cd000-7f25b8a3d000 rwxp 00000000 00:00 0 
7f25b8a3d000-7f25b8d5e000 ---p 00000000 00:00 0 
7f25b8d5e000-7f25b8fce000 rwxp 00000000 00:00 0 
7f25b8fce000-7f25c0295000 ---p 00000000 00:00 0 
7f25c0295000-7f25c0505000 rwxp 00000000 00:00 0 
7f25c0505000-7f25c77cd000 ---p 00000000 00:00 0 
7f25c77cd000-7f25d0000000 r--s 00000000 08:05 415325                     /usr/lib/jvm/java-15-openjdk-amd64/lib/modules
7f25d0000000-7f25d0328000 rw-p 00000000 00:00 0 
7f25d0328000-7f25d4000000 ---p 00000000 00:00 0 
7f25d4003000-7f25d4007000 r--p 00000000 08:05 415323                     /usr/lib/jvm/java-15-openjdk-amd64/lib/libverify.so
7f25d4007000-7f25d400e000 r-xp 00004000 08:05 415323                     /usr/lib/jvm/java-15-openjdk-amd64/lib/libverify.so
7f25d400e000-7f25d4010000 r--p 0000b000 08:05 415323                     /usr/lib/jvm/java-15-openjdk-amd64/lib/libverify.so
7f25d4010000-7f25d4011000 ---p 0000d000 08:05 415323                     /usr/lib/jvm/java-15-openjdk-amd64/lib/libverify.so
7f25d4011000-7f25d4013000 r--p 0000d000 08:05 415323                     /usr/lib/jvm/java-15-openjdk-amd64/lib/libverify.so
7f25d4013000-7f25d4014000 rw-p 0000f000 08:05 415323                     /usr/lib/jvm/java-15-openjdk-amd64/lib/libverify.so
7f25d4014000-7f25d4016000 r--p 00000000 08:05 415295                     /usr/lib/jvm/java-15-openjdk-amd64/lib/libdt_socket.so
7f25d4016000-7f25d4019000 r-xp 00002000 08:05 415295                     /usr/lib/jvm/java-15-openjdk-amd64/lib/libdt_socket.so
7f25d4019000-7f25d401a000 r--p 00005000 08:05 415295                     /usr/lib/jvm/java-15-openjdk-amd64/lib/libdt_socket.so
7f25d401a000-7f25d401b000 ---p 00006000 08:05 415295                     /usr/lib/jvm/java-15-openjdk-amd64/lib/libdt_socket.so
7f25d401b000-7f25d401c000 r--p 00006000 08:05 415295                     /usr/lib/jvm/java-15-openjdk-amd64/lib/libdt_socket.so
7f25d401c000-7f25d401d000 rw-p 00007000 08:05 415295                     /usr/lib/jvm/java-15-openjdk-amd64/lib/libdt_socket.so
7f25d401d000-7f25d43bc000 rw-p 00000000 00:00 0 
7f25d43bc000-7f25d43bd000 ---p 00000000 00:00 0 
7f25d43bd000-7f25d44be000 rw-p 00000000 00:00 0 
7f25d44be000-7f25d44bf000 ---p 00000000 00:00 0 
7f25d44bf000-7f25d45c0000 rw-p 00000000 00:00 0 
7f25d45c0000-7f25d45c1000 ---p 00000000 00:00 0 
7f25d45c1000-7f25d4824000 rw-p 00000000 00:00 0 
7f25d4824000-7f25d5a44000 ---p 00000000 00:00 0 
7f25d5a44000-7f25d5a73000 rw-p 00000000 00:00 0 
7f25d5a73000-7f25d5cb7000 ---p 00000000 00:00 0 
7f25d5cb7000-7f25d5cdf000 rw-p 00000000 00:00 0 
7f25d5cdf000-7f25d5f23000 ---p 00000000 00:00 0 
7f25d5f23000-7f25d5f4b000 rw-p 00000000 00:00 0 
7f25d5f4b000-7f25d618f000 ---p 00000000 00:00 0 
7f25d618f000-7f25d6599000 rw-p 00000000 00:00 0 
7f25d6599000-7f25d667f000 ---p 00000000 00:00 0 
7f25d667f000-7f25d6684000 rw-p 00000000 00:00 0 
7f25d6684000-7f25d676a000 ---p 00000000 00:00 0 
7f25d676a000-7f25d676f000 rw-p 00000000 00:00 0 
7f25d676f000-7f25d6776000 ---p 00000000 00:00 0 
7f25d6776000-7f25d6779000 r--p 00000000 08:05 396868                     /usr/lib/x86_64-linux-gnu/libnss_files-2.31.so
7f25d6779000-7f25d6780000 r-xp 00003000 08:05 396868                     /usr/lib/x86_64-linux-gnu/libnss_files-2.31.so
7f25d6780000-7f25d6782000 r--p 0000a000 08:05 396868                     /usr/lib/x86_64-linux-gnu/libnss_files-2.31.so
7f25d6782000-7f25d6783000 r--p 0000b000 08:05 396868                     /usr/lib/x86_64-linux-gnu/libnss_files-2.31.so
7f25d6783000-7f25d6784000 rw-p 0000c000 08:05 396868                     /usr/lib/x86_64-linux-gnu/libnss_files-2.31.so
7f25d6784000-7f25d678a000 rw-p 00000000 00:00 0 
7f25d678a000-7f25d6791000 r--s 00000000 08:05 809326                     /usr/lib/x86_64-linux-gnu/gconv/gconv-modules.cache
7f25d6791000-7f25d6793000 r--s 0000c000 08:05 958819                     /usr/share/java/java-atk-wrapper.jar
7f25d6793000-7f25d6795000 r--p 00000000 08:05 415324                     /usr/lib/jvm/java-15-openjdk-amd64/lib/libzip.so
7f25d6795000-7f25d679a000 r-xp 00002000 08:05 415324                     /usr/lib/jvm/java-15-openjdk-amd64/lib/libzip.so
7f25d679a000-7f25d679c000 r--p 00007000 08:05 415324                     /usr/lib/jvm/java-15-openjdk-amd64/lib/libzip.so
7f25d679c000-7f25d679d000 r--p 00008000 08:05 415324                     /usr/lib/jvm/java-15-openjdk-amd64/lib/libzip.so
7f25d679d000-7f25d679e000 rw-p 00009000 08:05 415324                     /usr/lib/jvm/java-15-openjdk-amd64/lib/libzip.so
7f25d679e000-7f25d67ab000 r--p 00000000 08:05 415303                     /usr/lib/jvm/java-15-openjdk-amd64/lib/libjava.so
7f25d67ab000-7f25d67be000 r-xp 0000d000 08:05 415303                     /usr/lib/jvm/java-15-openjdk-amd64/lib/libjava.so
7f25d67be000-7f25d67c4000 r--p 00020000 08:05 415303                     /usr/lib/jvm/java-15-openjdk-amd64/lib/libjava.so
7f25d67c4000-7f25d67c5000 r--p 00025000 08:05 415303                     /usr/lib/jvm/java-15-openjdk-amd64/lib/libjava.so
7f25d67c5000-7f25d67c6000 rw-p 00026000 08:05 415303                     /usr/lib/jvm/java-15-openjdk-amd64/lib/libjava.so
7f25d67c6000-7f25d67c7000 rw-p 00000000 00:00 0 
7f25d67c7000-7f25d67c9000 r--p 00000000 08:05 415298                     /usr/lib/jvm/java-15-openjdk-amd64/lib/libinstrument.so
7f25d67c9000-7f25d67cf000 r-xp 00002000 08:05 415298                     /usr/lib/jvm/java-15-openjdk-amd64/lib/libinstrument.so
7f25d67cf000-7f25d67d2000 r--p 00008000 08:05 415298                     /usr/lib/jvm/java-15-openjdk-amd64/lib/libinstrument.so
7f25d67d2000-7f25d67d3000 r--p 0000a000 08:05 415298                     /usr/lib/jvm/java-15-openjdk-amd64/lib/libinstrument.so
7f25d67d3000-7f25d67d4000 rw-p 0000b000 08:05 415298                     /usr/lib/jvm/java-15-openjdk-amd64/lib/libinstrument.so
7f25d67d4000-7f25d67d7000 r--p 00000000 08:05 415306                     /usr/lib/jvm/java-15-openjdk-amd64/lib/libjdwp.so
7f25d67d7000-7f25d6804000 r-xp 00003000 08:05 415306                     /usr/lib/jvm/java-15-openjdk-amd64/lib/libjdwp.so
7f25d6804000-7f25d6812000 r--p 00030000 08:05 415306                     /usr/lib/jvm/java-15-openjdk-amd64/lib/libjdwp.so
7f25d6812000-7f25d6813000 r--p 0003d000 08:05 415306                     /usr/lib/jvm/java-15-openjdk-amd64/lib/libjdwp.so
7f25d6813000-7f25d6814000 rw-p 0003e000 08:05 415306                     /usr/lib/jvm/java-15-openjdk-amd64/lib/libjdwp.so
7f25d6814000-7f25d6815000 rw-p 00000000 00:00 0 
7f25d6815000-7f25d6819000 ---p 00000000 00:00 0 
7f25d6819000-7f25d6916000 rw-p 00000000 00:00 0 
7f25d6916000-7f25d6919000 r--p 00000000 08:05 403523                     /usr/lib/x86_64-linux-gnu/libgcc_s.so.1
7f25d6919000-7f25d692b000 r-xp 00003000 08:05 403523                     /usr/lib/x86_64-linux-gnu/libgcc_s.so.1
7f25d692b000-7f25d692f000 r--p 00015000 08:05 403523                     /usr/lib/x86_64-linux-gnu/libgcc_s.so.1
7f25d692f000-7f25d6930000 r--p 00018000 08:05 403523                     /usr/lib/x86_64-linux-gnu/libgcc_s.so.1
7f25d6930000-7f25d6931000 rw-p 00019000 08:05 403523                     /usr/lib/x86_64-linux-gnu/libgcc_s.so.1
7f25d6931000-7f25d6940000 r--p 00000000 08:05 396862                     /usr/lib/x86_64-linux-gnu/libm-2.31.so
7f25d6940000-7f25d69e7000 r-xp 0000f000 08:05 396862                     /usr/lib/x86_64-linux-gnu/libm-2.31.so
7f25d69e7000-7f25d6a7e000 r--p 000b6000 08:05 396862                     /usr/lib/x86_64-linux-gnu/libm-2.31.so
7f25d6a7e000-7f25d6a7f000 r--p 0014c000 08:05 396862                     /usr/lib/x86_64-linux-gnu/libm-2.31.so
7f25d6a7f000-7f25d6a80000 rw-p 0014d000 08:05 396862                     /usr/lib/x86_64-linux-gnu/libm-2.31.so
7f25d6a80000-7f25d6b16000 r--p 00000000 08:05 404324                     /usr/lib/x86_64-linux-gnu/libstdc++.so.6.0.28
7f25d6b16000-7f25d6c06000 r-xp 00096000 08:05 404324                     /usr/lib/x86_64-linux-gnu/libstdc++.so.6.0.28
7f25d6c06000-7f25d6c4f000 r--p 00186000 08:05 404324                     /usr/lib/x86_64-linux-gnu/libstdc++.so.6.0.28
7f25d6c4f000-7f25d6c50000 ---p 001cf000 08:05 404324                     /usr/lib/x86_64-linux-gnu/libstdc++.so.6.0.28
7f25d6c50000-7f25d6c5b000 r--p 001cf000 08:05 404324                     /usr/lib/x86_64-linux-gnu/libstdc++.so.6.0.28
7f25d6c5b000-7f25d6c5e000 rw-p 001da000 08:05 404324                     /usr/lib/x86_64-linux-gnu/libstdc++.so.6.0.28
7f25d6c5e000-7f25d6c61000 rw-p 00000000 00:00 0 
7f25d6c61000-7f25d6e6f000 r--p 00000000 08:05 415331                     /usr/lib/jvm/java-15-openjdk-amd64/lib/server/libjvm.so
7f25d6e6f000-7f25d7b3a000 r-xp 0020e000 08:05 415331                     /usr/lib/jvm/java-15-openjdk-amd64/lib/server/libjvm.so
7f25d7b3a000-7f25d7d8f000 r--p 00ed9000 08:05 415331                     /usr/lib/jvm/java-15-openjdk-amd64/lib/server/libjvm.so
7f25d7d8f000-7f25d7d90000 ---p 0112e000 08:05 415331                     /usr/lib/jvm/java-15-openjdk-amd64/lib/server/libjvm.so
7f25d7d90000-7f25d7e2c000 r--p 0112e000 08:05 415331                     /usr/lib/jvm/java-15-openjdk-amd64/lib/server/libjvm.so
7f25d7e2c000-7f25d7e65000 rw-p 011ca000 08:05 415331                     /usr/lib/jvm/java-15-openjdk-amd64/lib/server/libjvm.so
7f25d7e65000-7f25d7eef000 rw-p 00000000 00:00 0 
7f25d7eef000-7f25d7ef6000 r--p 00000000 08:05 396873                     /usr/lib/x86_64-linux-gnu/libpthread-2.31.so
7f25d7ef6000-7f25d7f07000 r-xp 00007000 08:05 396873                     /usr/lib/x86_64-linux-gnu/libpthread-2.31.so
7f25d7f07000-7f25d7f0c000 r--p 00018000 08:05 396873                     /usr/lib/x86_64-linux-gnu/libpthread-2.31.so
7f25d7f0c000-7f25d7f0d000 r--p 0001c000 08:05 396873                     /usr/lib/x86_64-linux-gnu/libpthread-2.31.so
7f25d7f0d000-7f25d7f0e000 rw-p 0001d000 08:05 396873                     /usr/lib/x86_64-linux-gnu/libpthread-2.31.so
7f25d7f0e000-7f25d7f12000 rw-p 00000000 00:00 0 
7f25d7f12000-7f25d7f13000 r--p 00000000 08:05 396861                     /usr/lib/x86_64-linux-gnu/libdl-2.31.so
7f25d7f13000-7f25d7f15000 r-xp 00001000 08:05 396861                     /usr/lib/x86_64-linux-gnu/libdl-2.31.so
7f25d7f15000-7f25d7f16000 r--p 00003000 08:05 396861                     /usr/lib/x86_64-linux-gnu/libdl-2.31.so
7f25d7f16000-7f25d7f17000 r--p 00003000 08:05 396861                     /usr/lib/x86_64-linux-gnu/libdl-2.31.so
7f25d7f17000-7f25d7f18000 rw-p 00004000 08:05 396861                     /usr/lib/x86_64-linux-gnu/libdl-2.31.so
7f25d7f18000-7f25d7f1a000 r--p 00000000 08:05 404625                     /usr/lib/x86_64-linux-gnu/libz.so.1.2.11
7f25d7f1a000-7f25d7f2b000 r-xp 00002000 08:05 404625                     /usr/lib/x86_64-linux-gnu/libz.so.1.2.11
7f25d7f2b000-7f25d7f31000 r--p 00013000 08:05 404625                     /usr/lib/x86_64-linux-gnu/libz.so.1.2.11
7f25d7f31000-7f25d7f32000 ---p 00019000 08:05 404625                     /usr/lib/x86_64-linux-gnu/libz.so.1.2.11
7f25d7f32000-7f25d7f33000 r--p 00019000 08:05 404625                     /usr/lib/x86_64-linux-gnu/libz.so.1.2.11
7f25d7f33000-7f25d7f34000 rw-p 0001a000 08:05 404625                     /usr/lib/x86_64-linux-gnu/libz.so.1.2.11
7f25d7f34000-7f25d7f59000 r--p 00000000 08:05 396860                     /usr/lib/x86_64-linux-gnu/libc-2.31.so
7f25d7f59000-7f25d80d1000 r-xp 00025000 08:05 396860                     /usr/lib/x86_64-linux-gnu/libc-2.31.so
7f25d80d1000-7f25d811b000 r--p 0019d000 08:05 396860                     /usr/lib/x86_64-linux-gnu/libc-2.31.so
7f25d811b000-7f25d811c000 ---p 001e7000 08:05 396860                     /usr/lib/x86_64-linux-gnu/libc-2.31.so
7f25d811c000-7f25d811f000 r--p 001e7000 08:05 396860                     /usr/lib/x86_64-linux-gnu/libc-2.31.so
7f25d811f000-7f25d8122000 rw-p 001ea000 08:05 396860                     /usr/lib/x86_64-linux-gnu/libc-2.31.so
7f25d8122000-7f25d8126000 rw-p 00000000 00:00 0 
7f25d8127000-7f25d812f000 rw-s 00000000 08:05 298677                     /tmp/hsperfdata_superf4brizio/7455
7f25d812f000-7f25d8130000 ---p 00000000 00:00 0 
7f25d8130000-7f25d8131000 r--p 00000000 00:00 0 
7f25d8131000-7f25d8133000 r--p 00000000 08:05 415307                     /usr/lib/jvm/java-15-openjdk-amd64/lib/libjimage.so
7f25d8133000-7f25d8136000 r-xp 00002000 08:05 415307                     /usr/lib/jvm/java-15-openjdk-amd64/lib/libjimage.so
7f25d8136000-7f25d8137000 r--p 00005000 08:05 415307                     /usr/lib/jvm/java-15-openjdk-amd64/lib/libjimage.so
7f25d8137000-7f25d8138000 ---p 00006000 08:05 415307                     /usr/lib/jvm/java-15-openjdk-amd64/lib/libjimage.so
7f25d8138000-7f25d8139000 r--p 00006000 08:05 415307                     /usr/lib/jvm/java-15-openjdk-amd64/lib/libjimage.so
7f25d8139000-7f25d813a000 rw-p 00007000 08:05 415307                     /usr/lib/jvm/java-15-openjdk-amd64/lib/libjimage.so
7f25d813a000-7f25d813d000 r--p 00000000 08:05 415308                     /usr/lib/jvm/java-15-openjdk-amd64/lib/libjli.so
7f25d813d000-7f25d8147000 r-xp 00003000 08:05 415308                     /usr/lib/jvm/java-15-openjdk-amd64/lib/libjli.so
7f25d8147000-7f25d814a000 r--p 0000d000 08:05 415308                     /usr/lib/jvm/java-15-openjdk-amd64/lib/libjli.so
7f25d814a000-7f25d814b000 ---p 00010000 08:05 415308                     /usr/lib/jvm/java-15-openjdk-amd64/lib/libjli.so
7f25d814b000-7f25d814c000 r--p 00010000 08:05 415308                     /usr/lib/jvm/java-15-openjdk-amd64/lib/libjli.so
7f25d814c000-7f25d814d000 rw-p 00011000 08:05 415308                     /usr/lib/jvm/java-15-openjdk-amd64/lib/libjli.so
7f25d814d000-7f25d814f000 rw-p 00000000 00:00 0 
7f25d814f000-7f25d8150000 r--p 00000000 08:05 396823                     /usr/lib/x86_64-linux-gnu/ld-2.31.so
7f25d8150000-7f25d8173000 r-xp 00001000 08:05 396823                     /usr/lib/x86_64-linux-gnu/ld-2.31.so
7f25d8173000-7f25d817b000 r--p 00024000 08:05 396823                     /usr/lib/x86_64-linux-gnu/ld-2.31.so
7f25d817b000-7f25d817c000 rwxp 00000000 00:00 0 
7f25d817c000-7f25d817d000 r--p 0002c000 08:05 396823                     /usr/lib/x86_64-linux-gnu/ld-2.31.so
7f25d817d000-7f25d817e000 rw-p 0002d000 08:05 396823                     /usr/lib/x86_64-linux-gnu/ld-2.31.so
7f25d817e000-7f25d817f000 rw-p 00000000 00:00 0 
7ffdb0ec4000-7ffdb0ee5000 rw-p 00000000 00:00 0                          [stack]
7ffdb0f63000-7ffdb0f66000 r--p 00000000 00:00 0                          [vvar]
7ffdb0f66000-7ffdb0f67000 r-xp 00000000 00:00 0                          [vdso]
ffffffffff600000-ffffffffff601000 --xp 00000000 00:00 0                  [vsyscall]


VM Arguments:
jvm_args: -XX:+ShowCodeDetailsInExceptionMessages -agentlib:jdwp=transport=dt_socket,suspend=y,address=localhost:37965 -javaagent:/home/superf4brizio/eclipse/java-2021-03/eclipse/configuration/org.eclipse.osgi/216/0/.cp/lib/javaagent-shaded.jar -Dfile.encoding=UTF-8 
java_command: subroutine.GroupPlayer
java_class_path (initial): /home/superf4brizio/Scrivania/MNKGame
Launcher Type: SUN_STANDARD

[Global flags]
     intx CICompilerCount                          = 3                                         {product} {ergonomic}
     uint ConcGCThreads                            = 1                                         {product} {ergonomic}
     uint G1ConcRefinementThreads                  = 4                                         {product} {ergonomic}
   size_t G1HeapRegionSize                         = 1048576                                   {product} {ergonomic}
    uintx GCDrainStackTargetSize                   = 64                                        {product} {ergonomic}
   size_t InitialHeapSize                          = 81788928                                  {product} {ergonomic}
   size_t MarkStackSize                            = 4194304                                   {product} {ergonomic}
   size_t MaxHeapSize                              = 1300234240                                {product} {ergonomic}
   size_t MaxNewSize                               = 780140544                                 {product} {ergonomic}
   size_t MinHeapDeltaBytes                        = 1048576                                   {product} {ergonomic}
   size_t MinHeapSize                              = 8388608                                   {product} {ergonomic}
    uintx NonNMethodCodeHeapSize                   = 5832780                                {pd product} {ergonomic}
    uintx NonProfiledCodeHeapSize                  = 122912730                              {pd product} {ergonomic}
    uintx ProfiledCodeHeapSize                     = 122912730                              {pd product} {ergonomic}
    uintx ReservedCodeCacheSize                    = 251658240                              {pd product} {ergonomic}
     bool SegmentedCodeCache                       = true                                      {product} {ergonomic}
     bool ShowCodeDetailsInExceptionMessages       = true                                   {manageable} {command line}
   size_t SoftMaxHeapSize                          = 1300234240                             {manageable} {ergonomic}
     bool UseCompressedClassPointers               = true                                 {lp64_product} {ergonomic}
     bool UseCompressedOops                        = true                                 {lp64_product} {ergonomic}
     bool UseG1GC                                  = true                                      {product} {ergonomic}

Logging:
Log output configuration:
 #0: stdout all=warning uptime,level,tags
 #1: stderr all=off uptime,level,tags

Environment Variables:
PATH=/usr/local/sbin:/usr/local/bin:/usr/sbin:/usr/bin:/sbin:/bin:/usr/games:/usr/local/games:/snap/bin
SHELL=/bin/bash
DISPLAY=:0.0
LANG=it_IT.UTF-8

Signal Handlers:
SIGSEGV: [libjvm.so+0xe5cb30], sa_mask[0]=11111111011111111101111111111110, sa_flags=SA_RESTART|SA_SIGINFO
SIGBUS: [libjvm.so+0xe5cb30], sa_mask[0]=11111111011111111101111111111110, sa_flags=SA_RESTART|SA_SIGINFO
SIGFPE: [libjvm.so+0xe5cb30], sa_mask[0]=11111111011111111101111111111110, sa_flags=SA_RESTART|SA_SIGINFO
SIGPIPE: [libjvm.so+0xb78570], sa_mask[0]=11111111011111111101111111111110, sa_flags=SA_RESTART|SA_SIGINFO
SIGXFSZ: [libjvm.so+0xb78570], sa_mask[0]=11111111011111111101111111111110, sa_flags=SA_RESTART|SA_SIGINFO
SIGILL: [libjvm.so+0xe5cb30], sa_mask[0]=11111111011111111101111111111110, sa_flags=SA_RESTART|SA_SIGINFO
SIGUSR2: [libjvm.so+0xb78410], sa_mask[0]=00100000000000000000000000000000, sa_flags=SA_RESTART|SA_SIGINFO
SIGHUP: [libjvm.so+0xb78c40], sa_mask[0]=11111111011111111101111111111110, sa_flags=SA_RESTART|SA_SIGINFO
SIGINT: [libjvm.so+0xb78c40], sa_mask[0]=11111111011111111101111111111110, sa_flags=SA_RESTART|SA_SIGINFO
SIGTERM: [libjvm.so+0xb78c40], sa_mask[0]=11111111011111111101111111111110, sa_flags=SA_RESTART|SA_SIGINFO
SIGQUIT: [libjvm.so+0xb78c40], sa_mask[0]=11111111011111111101111111111110, sa_flags=SA_RESTART|SA_SIGINFO


---------------  S Y S T E M  ---------------

OS:
DISTRIB_ID=LinuxMint
DISTRIB_RELEASE=20.1
DISTRIB_CODENAME=ulyssa
DISTRIB_DESCRIPTION="Linux Mint 20.1 Ulyssa"
uname: Linux 5.4.0-58-generic #64-Ubuntu SMP Wed Dec 9 08:16:25 UTC 2020 x86_64
OS uptime: 0 days 1:47 hours
libc: glibc 2.31 NPTL 2.31 
rlimit (soft/hard): STACK 8192k/infinity , CORE 0k/infinity , NPROC 19464/19464 , NOFILE 1048576/1048576 , AS infinity/infinity , CPU infinity/infinity , DATA infinity/infinity , FSIZE infinity/infinity , MEMLOCK 65536k/65536k
load average: 0,91 0,66 0,58

/proc/meminfo:
MemTotal:        5074740 kB
MemFree:         1439372 kB
MemAvailable:    2628140 kB
Buffers:           77240 kB
Cached:          1281704 kB
SwapCached:            0 kB
Active:          2616316 kB
Inactive:         774240 kB
Active(anon):    2004992 kB
Inactive(anon):    30176 kB
Active(file):     611324 kB
Inactive(file):   744064 kB
Unevictable:         192 kB
Mlocked:             192 kB
SwapTotal:        945416 kB
SwapFree:         945416 kB
Dirty:               112 kB
Writeback:             0 kB
AnonPages:       2031832 kB
Mapped:           388524 kB
Shmem:             31432 kB
KReclaimable:      81252 kB
Slab:             159952 kB
SReclaimable:      81252 kB
SUnreclaim:        78700 kB
KernelStack:       10672 kB
PageTables:        22268 kB
NFS_Unstable:          0 kB
Bounce:                0 kB
WritebackTmp:          0 kB
CommitLimit:     3482784 kB
Committed_AS:    5504928 kB
VmallocTotal:   34359738367 kB
VmallocUsed:       35112 kB
VmallocChunk:          0 kB
Percpu:             2400 kB
HardwareCorrupted:     0 kB
AnonHugePages:         0 kB
ShmemHugePages:        0 kB
ShmemPmdMapped:        0 kB
FileHugePages:         0 kB
FilePmdMapped:         0 kB
CmaTotal:              0 kB
CmaFree:               0 kB
HugePages_Total:       0
HugePages_Free:        0
HugePages_Rsvd:        0
HugePages_Surp:        0
Hugepagesize:       2048 kB
Hugetlb:               0 kB
DirectMap4k:      174016 kB
DirectMap2M:     5089280 kB

/sys/kernel/mm/transparent_hugepage/enabled: always [madvise] never
/sys/kernel/mm/transparent_hugepage/defrag (defrag/compaction efforts parameter): always defer defer+madvise [madvise] never

/proc/sys/kernel/threads-max (system-wide limit on the number of threads): 38928
/proc/sys/vm/max_map_count (maximum number of memory map areas a process may have): 65530
/proc/sys/kernel/pid_max (system-wide limit on number of process identifiers): 4194304

container (cgroup) information:
container_type: cgroupv1
cpu_cpuset_cpus: 0-3
cpu_memory_nodes: 0
active_processor_count: 4
cpu_quota: no quota
cpu_period: 100000
cpu_shares: no shares
memory_limit_in_bytes: unlimited
memory_and_swap_limit_in_bytes: not supported
memory_soft_limit_in_bytes: unlimited
memory_usage_in_bytes: 2779762688
memory_max_usage_in_bytes: 2892185600

KVM virtualization detected
Steal ticks since vm start: 0
Steal ticks percentage since vm start:  0,000

CPU: total 4 (initial active 4) (4 cores per cpu, 1 threads per core) family 6 model 142 stepping 12 microcode 0x0, cmov, cx8, fxsr, mmx, sse, sse2, sse3, ssse3, sse4.1, sse4.2, popcnt, vzeroupper, avx, avx2, aes, clmul, 3dnowpref, lzcnt, tsc, tscinvbit, clflush, clflushopt
CPU Model and flags from /proc/cpuinfo:
model name	: Intel(R) Core(TM) i5-10210U CPU @ 1.60GHz
flags		: fpu vme de pse tsc msr pae mce cx8 apic sep mtrr pge mca cmov pat pse36 clflush mmx fxsr sse sse2 ht syscall nx rdtscp lm constant_tsc rep_good nopl xtopology nonstop_tsc cpuid tsc_known_freq pni pclmulqdq ssse3 cx16 pcid sse4_1 sse4_2 x2apic movbe popcnt aes xsave avx rdrand hypervisor lahf_lm abm 3dnowprefetch invpcid_single fsgsbase avx2 invpcid rdseed clflushopt md_clear flush_l1d arch_capabilities

Online cpus: 0-3
Offline cpus: 
BIOS frequency limitation: <Not Available>
Frequency switch latency (ns): <Not Available>
Available cpu frequencies: <Not Available>
Current governor: <Not Available>
Core performance/turbo boost: <Not Available>

Memory: 4k page, physical 5074740k(1439372k free), swap 945416k(945416k free)

vm_info: OpenJDK 64-Bit Server VM (15.0.2+7-Ubuntu-120.041) for linux-amd64 JRE (15.0.2+7-Ubuntu-120.041), built on Feb 26 2021 18:12:25 by "unknown" with gcc 9.3.0

END.
